<?xml version="1.0" encoding="UTF-8"?>
<robot generator="Robot 3.2.1 (Python 3.8.5 on win32)" generated="20200802 20:49:08.993" rpa="false">
<suite id="s1" name="Cadastro" source="C:\dev\projetos\roboweek\ninjachef\cadastro.robot">
<test id="s1-t1" name="Cadastro simples">
<kw name="Open Session" type="setup">
<kw name="Open Browser" library="SeleniumLibrary">
<doc>Opens a new browser instance to the optional ``url``.</doc>
<arguments>
<arg>about:blank</arg>
<arg>chrome</arg>
</arguments>
<msg timestamp="20200802 20:49:09.309" level="INFO">Opening browser 'chrome' to base url 'about:blank'.</msg>
<status status="PASS" starttime="20200802 20:49:09.309" endtime="20200802 20:49:12.990"></status>
</kw>
<status status="PASS" starttime="20200802 20:49:09.308" endtime="20200802 20:49:12.991"></status>
</kw>
<kw name="Dado que acesso a pagina principal">
<kw name="Go To" library="SeleniumLibrary">
<doc>Navigates the current browser window to the provided ``url``.</doc>
<arguments>
<arg>http://ninjachef-qaninja-io.umbler.net/</arg>
</arguments>
<msg timestamp="20200802 20:49:12.992" level="INFO">Opening url 'http://ninjachef-qaninja-io.umbler.net/'</msg>
<status status="PASS" starttime="20200802 20:49:12.992" endtime="20200802 20:49:17.843"></status>
</kw>
<status status="PASS" starttime="20200802 20:49:12.992" endtime="20200802 20:49:17.844"></status>
</kw>
<kw name="Quando submeto o email &quot;joao@gmail.com&quot;">
<kw name="Input Text" library="SeleniumLibrary">
<doc>Types the given ``text`` into the text field identified by ``locator``.</doc>
<arguments>
<arg>id:email</arg>
<arg>${email}</arg>
</arguments>
<msg timestamp="20200802 20:49:17.848" level="INFO">Typing text 'joao@gmail.com' into text field 'id:email'.</msg>
<status status="PASS" starttime="20200802 20:49:17.847" endtime="20200802 20:49:18.097"></status>
</kw>
<kw name="Click Element" library="SeleniumLibrary">
<doc>Click the element identified by ``locator``.</doc>
<arguments>
<arg>css:button[type=submit]</arg>
</arguments>
<msg timestamp="20200802 20:49:18.097" level="INFO">Clicking element 'css:button[type=submit]'.</msg>
<status status="PASS" starttime="20200802 20:49:18.097" endtime="20200802 20:49:18.178"></status>
</kw>
<kw name="Sleep" library="BuiltIn">
<doc>Pauses the test executed for the given time.</doc>
<arguments>
<arg>3</arg>
</arguments>
<msg timestamp="20200802 20:49:21.179" level="INFO">Slept 3 seconds</msg>
<status status="PASS" starttime="20200802 20:49:18.179" endtime="20200802 20:49:21.179"></status>
</kw>
<status status="PASS" starttime="20200802 20:49:17.845" endtime="20200802 20:49:21.180"></status>
</kw>
<kw name="Então devo ser autenticado">
<kw name="Wait Until Page Contains Element" library="SeleniumLibrary">
<doc>Waits until the element ``locator`` appears on the current page.</doc>
<arguments>
<arg>class:dashboard</arg>
</arguments>
<status status="PASS" starttime="20200802 20:49:21.181" endtime="20200802 20:49:21.196"></status>
</kw>
<status status="PASS" starttime="20200802 20:49:21.181" endtime="20200802 20:49:21.197"></status>
</kw>
<kw name="Close Session" type="teardown">
<kw name="Close Browser" library="SeleniumLibrary">
<doc>Closes the current browser.</doc>
<status status="PASS" starttime="20200802 20:49:21.198" endtime="20200802 20:49:23.418"></status>
</kw>
<status status="PASS" starttime="20200802 20:49:21.198" endtime="20200802 20:49:23.418"></status>
</kw>
<status status="PASS" starttime="20200802 20:49:09.307" endtime="20200802 20:49:23.419" critical="yes"></status>
</test>
<doc>Suite dos testes de cadastros</doc>
<status status="PASS" starttime="20200802 20:49:08.993" endtime="20200802 20:49:23.423"></status>
</suite>
<statistics>
<total>
<stat pass="1" fail="0">Critical Tests</stat>
<stat pass="1" fail="0">All Tests</stat>
</total>
<tag>
</tag>
<suite>
<stat pass="1" fail="0" id="s1" name="Cadastro">Cadastro</stat>
</suite>
</statistics>
<errors>
</errors>
</robot>
