<?xml version="1.0" encoding="UTF-8"?>
<robot generator="Robot 3.2.1 (Python 3.8.5 on win32)" generated="20200810 23:57:54.893" rpa="false">
<suite id="s1" name="Login" source="C:\dev\projetos\roboweek\ninjachef\mobile\tests\login.robot">
<test id="s1-t1" name="Acessar o cardapio">
<kw name="Open Session" library="base" type="setup">
<kw name="Open Application" library="AppiumLibrary">
<doc>Opens a new application to given Appium server.
Capabilities of appium server, Android and iOS,
Please check https://github.com/appium/appium/blob/master/docs/en/writing-running-appium/server-args.md
| *Option*            | *Man.* | *Description*     |
| remote_url          | Yes    | Appium server url |
| alias               | no     | alias             |</doc>
<arguments>
<arg>http://localhost:4723/wd/hub</arg>
<arg>automationName=UiAutomator2</arg>
<arg>platformName=Android</arg>
<arg>deviceName=Emulator</arg>
<arg>app=${EXECDIR}/app/ninjachef.apk</arg>
<arg>udid=emulator-5554</arg>
<arg>adbExecTimeout=1200000</arg>
</arguments>
<status status="PASS" starttime="20200810 23:57:55.291" endtime="20200810 23:58:23.679"></status>
</kw>
<status status="PASS" starttime="20200810 23:57:55.291" endtime="20200810 23:58:23.680"></status>
</kw>
<kw name="Dado que desejo comer &quot;Massas&quot;" library="kws">
<kw name="Set Test Variable" library="BuiltIn">
<doc>Makes a variable available everywhere within the scope of the current test.</doc>
<arguments>
<arg>${prato}</arg>
</arguments>
<msg timestamp="20200810 23:58:23.688" level="INFO">${prato} = Massas</msg>
<status status="PASS" starttime="20200810 23:58:23.687" endtime="20200810 23:58:23.689"></status>
</kw>
<status status="PASS" starttime="20200810 23:58:23.686" endtime="20200810 23:58:23.690"></status>
</kw>
<kw name="Quando submeto meu email &quot;papito@qaninja.com.br&quot;" library="kws">
<kw name="Wait Until Page Contains" library="AppiumLibrary">
<doc>Waits until `text` appears on current page.</doc>
<arguments>
<arg>Buscar Prato</arg>
<arg>50</arg>
</arguments>
<status status="PASS" starttime="20200810 23:58:23.705" endtime="20200810 23:58:36.592"></status>
</kw>
<kw name="Input Text" library="AppiumLibrary">
<doc>Types the given `text` into text field identified by `locator`.</doc>
<arguments>
<arg>accessibility_id=emailInput</arg>
<arg>${email}</arg>
</arguments>
<msg timestamp="20200810 23:58:36.597" level="INFO">Typing text 'papito@qaninja.com.br' into text field 'accessibility_id=emailInput'</msg>
<status status="PASS" starttime="20200810 23:58:36.593" endtime="20200810 23:58:37.335"></status>
</kw>
<kw name="Input Text" library="AppiumLibrary">
<doc>Types the given `text` into text field identified by `locator`.</doc>
<arguments>
<arg>accessibility_id=plateInput</arg>
<arg>${prato}</arg>
</arguments>
<msg timestamp="20200810 23:58:37.343" level="INFO">Typing text 'Massas' into text field 'accessibility_id=plateInput'</msg>
<status status="PASS" starttime="20200810 23:58:37.336" endtime="20200810 23:58:37.908"></status>
</kw>
<kw name="Click Text" library="AppiumLibrary">
<doc>Click text identified by ``text``.</doc>
<arguments>
<arg>Buscar Prato</arg>
</arguments>
<status status="PASS" starttime="20200810 23:58:37.908" endtime="20200810 23:58:38.933"></status>
</kw>
<status status="PASS" starttime="20200810 23:58:23.704" endtime="20200810 23:58:38.934"></status>
</kw>
<kw name="Então devo ver a lista de pratos por tipo" library="kws">
<kw name="Wait Until Page Contains" library="AppiumLibrary">
<doc>Waits until `text` appears on current page.</doc>
<arguments>
<arg>Fome de ${prato}</arg>
</arguments>
<status status="PASS" starttime="20200810 23:58:38.937" endtime="20200810 23:58:42.094"></status>
</kw>
<kw name="Sleep" library="BuiltIn">
<doc>Pauses the test executed for the given time.</doc>
<arguments>
<arg>3</arg>
</arguments>
<msg timestamp="20200810 23:58:45.102" level="INFO">Slept 3 seconds</msg>
<status status="PASS" starttime="20200810 23:58:42.095" endtime="20200810 23:58:45.102"></status>
</kw>
<status status="PASS" starttime="20200810 23:58:38.935" endtime="20200810 23:58:45.103"></status>
</kw>
<kw name="Close Session" library="base" type="teardown">
<kw name="Capture Page Screenshot" library="AppiumLibrary">
<doc>Takes a screenshot of the current page and embeds it into the log.</doc>
<msg timestamp="20200810 23:58:47.486" level="INFO" html="yes">&lt;/td&gt;&lt;/tr&gt;&lt;tr&gt;&lt;td colspan="3"&gt;&lt;a href="appium-screenshot-1.png"&gt;&lt;img src="appium-screenshot-1.png" width="800px"&gt;&lt;/a&gt;</msg>
<status status="PASS" starttime="20200810 23:58:45.104" endtime="20200810 23:58:47.486"></status>
</kw>
<kw name="Close Application" library="AppiumLibrary">
<doc>Closes the current application and also close webdriver session.</doc>
<status status="PASS" starttime="20200810 23:58:47.486" endtime="20200810 23:58:50.015"></status>
</kw>
<status status="PASS" starttime="20200810 23:58:45.104" endtime="20200810 23:58:50.016"></status>
</kw>
<status status="PASS" starttime="20200810 23:57:55.290" endtime="20200810 23:58:50.019" critical="yes"></status>
</test>
<doc>Testes do login no NinjaChef Mobile</doc>
<status status="PASS" starttime="20200810 23:57:54.897" endtime="20200810 23:58:50.042"></status>
</suite>
<statistics>
<total>
<stat pass="1" fail="0">Critical Tests</stat>
<stat pass="1" fail="0">All Tests</stat>
</total>
<tag>
</tag>
<suite>
<stat pass="1" fail="0" id="s1" name="Login">Login</stat>
</suite>
</statistics>
<errors>
</errors>
</robot>
