<?xml version="1.0" encoding="UTF-8"?>
<robot generator="Robot 3.2.1 (Python 3.8.5 on win32)" generated="20200808 21:11:04.245" rpa="false">
<suite id="s1" name="Tests" source="C:\dev\projetos\roboweek\ninjachef\tests">
<suite id="s1-s1" name="Cadastro-Usuario" source="C:\dev\projetos\roboweek\ninjachef\tests\cadastro-usuario.robot">
<test id="s1-s1-t1" name="Cadastro simples">
<kw name="Open Session" library="base" type="setup">
<kw name="Open Browser" library="SeleniumLibrary">
<doc>Opens a new browser instance to the optional ``url``.</doc>
<arguments>
<arg>about:blank</arg>
<arg>chrome</arg>
</arguments>
<msg timestamp="20200808 21:11:04.646" level="INFO">Opening browser 'chrome' to base url 'about:blank'.</msg>
<status status="PASS" starttime="20200808 21:11:04.645" endtime="20200808 21:11:08.002"></status>
</kw>
<status status="PASS" starttime="20200808 21:11:04.645" endtime="20200808 21:11:08.003"></status>
</kw>
<kw name="Dado que acesso a pagina principal" library="kws">
<kw name="Go To" library="SeleniumLibrary">
<doc>Navigates the current browser window to the provided ``url``.</doc>
<arguments>
<arg>${base_url}</arg>
</arguments>
<msg timestamp="20200808 21:11:08.007" level="INFO">Opening url 'http://ninjachef-qaninja-io.umbler.net/'</msg>
<status status="PASS" starttime="20200808 21:11:08.006" endtime="20200808 21:11:09.785"></status>
</kw>
<status status="PASS" starttime="20200808 21:11:08.003" endtime="20200808 21:11:09.785"></status>
</kw>
<kw name="Quando submeto o email &quot;joao@gmail.com&quot;" library="kws">
<kw name="Input Text" library="SeleniumLibrary">
<doc>Types the given ``text`` into the text field identified by ``locator``.</doc>
<arguments>
<arg>${CAMPO_EMAIL}</arg>
<arg>${email}</arg>
</arguments>
<msg timestamp="20200808 21:11:09.789" level="INFO">Typing text 'joao@gmail.com' into text field 'id:email'.</msg>
<status status="PASS" starttime="20200808 21:11:09.788" endtime="20200808 21:11:10.032"></status>
</kw>
<kw name="Click Element" library="SeleniumLibrary">
<doc>Click the element identified by ``locator``.</doc>
<arguments>
<arg>${BOTAO_ENTRAR}</arg>
</arguments>
<msg timestamp="20200808 21:11:10.034" level="INFO">Clicking element 'css:button[type=submit]'.</msg>
<status status="PASS" starttime="20200808 21:11:10.033" endtime="20200808 21:11:10.133"></status>
</kw>
<kw name="Sleep" library="BuiltIn">
<doc>Pauses the test executed for the given time.</doc>
<arguments>
<arg>3</arg>
</arguments>
<msg timestamp="20200808 21:11:13.146" level="INFO">Slept 3 seconds</msg>
<status status="PASS" starttime="20200808 21:11:10.133" endtime="20200808 21:11:13.146"></status>
</kw>
<status status="PASS" starttime="20200808 21:11:09.787" endtime="20200808 21:11:13.146"></status>
</kw>
<kw name="Então devo ser autenticado" library="kws">
<kw name="Wait Until Page Contains Element" library="SeleniumLibrary">
<doc>Waits until the element ``locator`` appears on the current page.</doc>
<arguments>
<arg>${DIV_DASH}</arg>
</arguments>
<status status="PASS" starttime="20200808 21:11:13.150" endtime="20200808 21:11:13.166"></status>
</kw>
<status status="PASS" starttime="20200808 21:11:13.149" endtime="20200808 21:11:13.166"></status>
</kw>
<kw name="Close Session" library="base" type="teardown">
<kw name="Capture Page Screenshot" library="SeleniumLibrary">
<doc>Takes a screenshot of the current page and embeds it into a log file.</doc>
<msg timestamp="20200808 21:11:13.664" level="INFO" html="yes">&lt;/td&gt;&lt;/tr&gt;&lt;tr&gt;&lt;td colspan="3"&gt;&lt;a href="selenium-screenshot-6.png"&gt;&lt;img src="selenium-screenshot-6.png" width="800px"&gt;&lt;/a&gt;</msg>
<status status="PASS" starttime="20200808 21:11:13.168" endtime="20200808 21:11:13.664"></status>
</kw>
<kw name="Close Browser" library="SeleniumLibrary">
<doc>Closes the current browser.</doc>
<status status="PASS" starttime="20200808 21:11:13.664" endtime="20200808 21:11:15.916"></status>
</kw>
<status status="PASS" starttime="20200808 21:11:13.167" endtime="20200808 21:11:15.916"></status>
</kw>
<status status="PASS" starttime="20200808 21:11:04.644" endtime="20200808 21:11:15.918" critical="yes"></status>
</test>
<test id="s1-s1-t2" name="Email incorreto">
<kw name="Open Session" library="base" type="setup">
<kw name="Open Browser" library="SeleniumLibrary">
<doc>Opens a new browser instance to the optional ``url``.</doc>
<arguments>
<arg>about:blank</arg>
<arg>chrome</arg>
</arguments>
<msg timestamp="20200808 21:11:15.930" level="INFO">Opening browser 'chrome' to base url 'about:blank'.</msg>
<status status="PASS" starttime="20200808 21:11:15.929" endtime="20200808 21:11:19.285"></status>
</kw>
<status status="PASS" starttime="20200808 21:11:15.928" endtime="20200808 21:11:19.285"></status>
</kw>
<kw name="Dado que acesso a pagina principal" library="kws">
<kw name="Go To" library="SeleniumLibrary">
<doc>Navigates the current browser window to the provided ``url``.</doc>
<arguments>
<arg>${base_url}</arg>
</arguments>
<msg timestamp="20200808 21:11:19.286" level="INFO">Opening url 'http://ninjachef-qaninja-io.umbler.net/'</msg>
<status status="PASS" starttime="20200808 21:11:19.286" endtime="20200808 21:11:21.154"></status>
</kw>
<status status="PASS" starttime="20200808 21:11:19.286" endtime="20200808 21:11:21.155"></status>
</kw>
<kw name="Quando submeto o email &quot;joao$yahoo.com&quot;" library="kws">
<kw name="Input Text" library="SeleniumLibrary">
<doc>Types the given ``text`` into the text field identified by ``locator``.</doc>
<arguments>
<arg>${CAMPO_EMAIL}</arg>
<arg>${email}</arg>
</arguments>
<msg timestamp="20200808 21:11:21.158" level="INFO">Typing text 'joao$yahoo.com' into text field 'id:email'.</msg>
<status status="PASS" starttime="20200808 21:11:21.157" endtime="20200808 21:11:21.525"></status>
</kw>
<kw name="Click Element" library="SeleniumLibrary">
<doc>Click the element identified by ``locator``.</doc>
<arguments>
<arg>${BOTAO_ENTRAR}</arg>
</arguments>
<msg timestamp="20200808 21:11:21.526" level="INFO">Clicking element 'css:button[type=submit]'.</msg>
<status status="PASS" starttime="20200808 21:11:21.526" endtime="20200808 21:11:21.628"></status>
</kw>
<kw name="Sleep" library="BuiltIn">
<doc>Pauses the test executed for the given time.</doc>
<arguments>
<arg>3</arg>
</arguments>
<msg timestamp="20200808 21:11:24.640" level="INFO">Slept 3 seconds</msg>
<status status="PASS" starttime="20200808 21:11:21.628" endtime="20200808 21:11:24.640"></status>
</kw>
<status status="PASS" starttime="20200808 21:11:21.156" endtime="20200808 21:11:24.641"></status>
</kw>
<kw name="Então devo ver a mensagem &quot;Oops. Informe um email válido!&quot;" library="kws">
<kw name="Wait Until Element Contains" library="SeleniumLibrary">
<doc>Waits until the element ``locator`` contains ``text``.</doc>
<arguments>
<arg>${DIV_ALERT}</arg>
<arg>${expect_message}</arg>
</arguments>
<status status="PASS" starttime="20200808 21:11:24.642" endtime="20200808 21:11:24.684"></status>
</kw>
<status status="PASS" starttime="20200808 21:11:24.642" endtime="20200808 21:11:24.684"></status>
</kw>
<kw name="Close Session" library="base" type="teardown">
<kw name="Capture Page Screenshot" library="SeleniumLibrary">
<doc>Takes a screenshot of the current page and embeds it into a log file.</doc>
<msg timestamp="20200808 21:11:25.421" level="INFO" html="yes">&lt;/td&gt;&lt;/tr&gt;&lt;tr&gt;&lt;td colspan="3"&gt;&lt;a href="selenium-screenshot-7.png"&gt;&lt;img src="selenium-screenshot-7.png" width="800px"&gt;&lt;/a&gt;</msg>
<status status="PASS" starttime="20200808 21:11:24.687" endtime="20200808 21:11:25.422"></status>
</kw>
<kw name="Close Browser" library="SeleniumLibrary">
<doc>Closes the current browser.</doc>
<status status="PASS" starttime="20200808 21:11:25.422" endtime="20200808 21:11:27.654"></status>
</kw>
<status status="PASS" starttime="20200808 21:11:24.685" endtime="20200808 21:11:27.655"></status>
</kw>
<status status="PASS" starttime="20200808 21:11:15.925" endtime="20200808 21:11:27.655" critical="yes"></status>
</test>
<test id="s1-s1-t3" name="Email não informado">
<kw name="Open Session" library="base" type="setup">
<kw name="Open Browser" library="SeleniumLibrary">
<doc>Opens a new browser instance to the optional ``url``.</doc>
<arguments>
<arg>about:blank</arg>
<arg>chrome</arg>
</arguments>
<msg timestamp="20200808 21:11:27.662" level="INFO">Opening browser 'chrome' to base url 'about:blank'.</msg>
<status status="PASS" starttime="20200808 21:11:27.662" endtime="20200808 21:11:30.984"></status>
</kw>
<status status="PASS" starttime="20200808 21:11:27.661" endtime="20200808 21:11:30.985"></status>
</kw>
<kw name="Dado que acesso a pagina principal" library="kws">
<kw name="Go To" library="SeleniumLibrary">
<doc>Navigates the current browser window to the provided ``url``.</doc>
<arguments>
<arg>${base_url}</arg>
</arguments>
<msg timestamp="20200808 21:11:30.988" level="INFO">Opening url 'http://ninjachef-qaninja-io.umbler.net/'</msg>
<status status="PASS" starttime="20200808 21:11:30.987" endtime="20200808 21:11:32.097"></status>
</kw>
<status status="PASS" starttime="20200808 21:11:30.986" endtime="20200808 21:11:32.098"></status>
</kw>
<kw name="Quando submeto o email &quot;${EMPTY}&quot;" library="kws">
<kw name="Input Text" library="SeleniumLibrary">
<doc>Types the given ``text`` into the text field identified by ``locator``.</doc>
<arguments>
<arg>${CAMPO_EMAIL}</arg>
<arg>${email}</arg>
</arguments>
<msg timestamp="20200808 21:11:32.102" level="INFO">Typing text '' into text field 'id:email'.</msg>
<status status="PASS" starttime="20200808 21:11:32.101" endtime="20200808 21:11:32.231"></status>
</kw>
<kw name="Click Element" library="SeleniumLibrary">
<doc>Click the element identified by ``locator``.</doc>
<arguments>
<arg>${BOTAO_ENTRAR}</arg>
</arguments>
<msg timestamp="20200808 21:11:32.232" level="INFO">Clicking element 'css:button[type=submit]'.</msg>
<status status="PASS" starttime="20200808 21:11:32.231" endtime="20200808 21:11:32.325"></status>
</kw>
<kw name="Sleep" library="BuiltIn">
<doc>Pauses the test executed for the given time.</doc>
<arguments>
<arg>3</arg>
</arguments>
<msg timestamp="20200808 21:11:35.334" level="INFO">Slept 3 seconds</msg>
<status status="PASS" starttime="20200808 21:11:32.325" endtime="20200808 21:11:35.334"></status>
</kw>
<status status="PASS" starttime="20200808 21:11:32.099" endtime="20200808 21:11:35.334"></status>
</kw>
<kw name="Então devo ver a mensagem &quot;Oops. Informe um email válido!&quot;" library="kws">
<kw name="Wait Until Element Contains" library="SeleniumLibrary">
<doc>Waits until the element ``locator`` contains ``text``.</doc>
<arguments>
<arg>${DIV_ALERT}</arg>
<arg>${expect_message}</arg>
</arguments>
<status status="PASS" starttime="20200808 21:11:35.336" endtime="20200808 21:11:35.378"></status>
</kw>
<status status="PASS" starttime="20200808 21:11:35.335" endtime="20200808 21:11:35.378"></status>
</kw>
<kw name="Close Session" library="base" type="teardown">
<kw name="Capture Page Screenshot" library="SeleniumLibrary">
<doc>Takes a screenshot of the current page and embeds it into a log file.</doc>
<msg timestamp="20200808 21:11:36.063" level="INFO" html="yes">&lt;/td&gt;&lt;/tr&gt;&lt;tr&gt;&lt;td colspan="3"&gt;&lt;a href="selenium-screenshot-8.png"&gt;&lt;img src="selenium-screenshot-8.png" width="800px"&gt;&lt;/a&gt;</msg>
<status status="PASS" starttime="20200808 21:11:35.380" endtime="20200808 21:11:36.063"></status>
</kw>
<kw name="Close Browser" library="SeleniumLibrary">
<doc>Closes the current browser.</doc>
<status status="PASS" starttime="20200808 21:11:36.064" endtime="20200808 21:11:38.254"></status>
</kw>
<status status="PASS" starttime="20200808 21:11:35.380" endtime="20200808 21:11:38.254"></status>
</kw>
<status status="PASS" starttime="20200808 21:11:27.659" endtime="20200808 21:11:38.257" critical="yes"></status>
</test>
<doc>Suite dos testes de cadastros</doc>
<status status="PASS" starttime="20200808 21:11:04.291" endtime="20200808 21:11:38.265"></status>
</suite>
<suite id="s1-s2" name="Produtos" source="C:\dev\projetos\roboweek\ninjachef\tests\produtos.robot">
<test id="s1-s2-t1" name="Novo prato">
<kw name="Login Session" library="helpers" type="setup">
<arguments>
<arg>joao@gmail.com</arg>
</arguments>
<kw name="Open Session" library="base">
<kw name="Open Browser" library="SeleniumLibrary">
<doc>Opens a new browser instance to the optional ``url``.</doc>
<arguments>
<arg>about:blank</arg>
<arg>chrome</arg>
</arguments>
<msg timestamp="20200808 21:11:38.301" level="INFO">Opening browser 'chrome' to base url 'about:blank'.</msg>
<status status="PASS" starttime="20200808 21:11:38.301" endtime="20200808 21:11:41.629"></status>
</kw>
<status status="PASS" starttime="20200808 21:11:38.301" endtime="20200808 21:11:41.630"></status>
</kw>
<kw name="Go To" library="SeleniumLibrary">
<doc>Navigates the current browser window to the provided ``url``.</doc>
<arguments>
<arg>${base_url}</arg>
</arguments>
<msg timestamp="20200808 21:11:41.631" level="INFO">Opening url 'http://ninjachef-qaninja-io.umbler.net/'</msg>
<status status="PASS" starttime="20200808 21:11:41.630" endtime="20200808 21:11:44.169"></status>
</kw>
<kw name="Input Text" library="SeleniumLibrary">
<doc>Types the given ``text`` into the text field identified by ``locator``.</doc>
<arguments>
<arg>${CAMPO_EMAIL}</arg>
<arg>${email}</arg>
</arguments>
<msg timestamp="20200808 21:11:44.170" level="INFO">Typing text 'joao@gmail.com' into text field 'id:email'.</msg>
<status status="PASS" starttime="20200808 21:11:44.170" endtime="20200808 21:11:44.400"></status>
</kw>
<kw name="Click Element" library="SeleniumLibrary">
<doc>Click the element identified by ``locator``.</doc>
<arguments>
<arg>${BOTAO_ENTRAR}</arg>
</arguments>
<msg timestamp="20200808 21:11:44.401" level="INFO">Clicking element 'css:button[type=submit]'.</msg>
<status status="PASS" starttime="20200808 21:11:44.401" endtime="20200808 21:11:44.507"></status>
</kw>
<kw name="Wait Until Page Contains Element" library="SeleniumLibrary">
<doc>Waits until the element ``locator`` appears on the current page.</doc>
<arguments>
<arg>${DIV_DASH}</arg>
</arguments>
<status status="PASS" starttime="20200808 21:11:44.508" endtime="20200808 21:11:44.970"></status>
</kw>
<kw name="Sleep" library="BuiltIn">
<doc>Pauses the test executed for the given time.</doc>
<arguments>
<arg>3</arg>
</arguments>
<msg timestamp="20200808 21:11:47.975" level="INFO">Slept 3 seconds</msg>
<status status="PASS" starttime="20200808 21:11:44.970" endtime="20200808 21:11:47.975"></status>
</kw>
<status status="PASS" starttime="20200808 21:11:38.300" endtime="20200808 21:11:47.975"></status>
</kw>
<kw name="Dado que &quot;${nhoque}&quot; é um dos meus pratos" library="kws">
<kw name="Set Test Variable" library="BuiltIn">
<doc>Makes a variable available everywhere within the scope of the current test.</doc>
<arguments>
<arg>${produto}</arg>
</arguments>
<msg timestamp="20200808 21:11:47.977" level="INFO">${produto} = {'img': 'nhoque.jpg', 'nome': 'Nhoque molho páprica', 'tipo': 'Massas', 'preco': '20.00'}</msg>
<status status="PASS" starttime="20200808 21:11:47.977" endtime="20200808 21:11:47.977"></status>
</kw>
<status status="PASS" starttime="20200808 21:11:47.976" endtime="20200808 21:11:47.978"></status>
</kw>
<kw name="Quando faço o cadastro desse item" library="kws">
<kw name="Wait Until Element Is Visible" library="SeleniumLibrary">
<doc>Waits until the element ``locator`` is visible.</doc>
<arguments>
<arg>${BTN_ADD}</arg>
<arg>5</arg>
</arguments>
<status status="PASS" starttime="20200808 21:11:47.978" endtime="20200808 21:11:48.021"></status>
</kw>
<kw name="Click Element" library="SeleniumLibrary">
<doc>Click the element identified by ``locator``.</doc>
<arguments>
<arg>${BTN_ADD}</arg>
</arguments>
<msg timestamp="20200808 21:11:48.022" level="INFO">Clicking element 'class:btn-add'.</msg>
<status status="PASS" starttime="20200808 21:11:48.022" endtime="20200808 21:11:48.125"></status>
</kw>
<kw name="Choose File" library="SeleniumLibrary">
<doc>Inputs the ``file_path`` into the file input field ``locator``.</doc>
<arguments>
<arg>${CAMPO_IMG}</arg>
<arg>${EXECDIR}/resources/images/${produto['img']}</arg>
</arguments>
<msg timestamp="20200808 21:11:48.127" level="INFO">Sending C:\dev\projetos\roboweek\ninjachef\resources\images\nhoque.jpg to browser.</msg>
<status status="PASS" starttime="20200808 21:11:48.126" endtime="20200808 21:11:48.194"></status>
</kw>
<kw name="Input Text" library="SeleniumLibrary">
<doc>Types the given ``text`` into the text field identified by ``locator``.</doc>
<arguments>
<arg>${CAMPO_NOME}</arg>
<arg>${produto['nome']}</arg>
</arguments>
<msg timestamp="20200808 21:11:48.194" level="INFO">Typing text 'Nhoque molho páprica' into text field 'id:name'.</msg>
<status status="PASS" starttime="20200808 21:11:48.194" endtime="20200808 21:11:48.372"></status>
</kw>
<kw name="Input Text" library="SeleniumLibrary">
<doc>Types the given ``text`` into the text field identified by ``locator``.</doc>
<arguments>
<arg>${CAMPO_TIPO}</arg>
<arg>${produto['tipo']}</arg>
</arguments>
<msg timestamp="20200808 21:11:48.373" level="INFO">Typing text 'Massas' into text field 'id:plate'.</msg>
<status status="PASS" starttime="20200808 21:11:48.372" endtime="20200808 21:11:48.508"></status>
</kw>
<kw name="Input Text" library="SeleniumLibrary">
<doc>Types the given ``text`` into the text field identified by ``locator``.</doc>
<arguments>
<arg>${CAMPO_PRECO}</arg>
<arg>${produto['preco']}</arg>
</arguments>
<msg timestamp="20200808 21:11:48.509" level="INFO">Typing text '20.00' into text field 'id:price'.</msg>
<status status="PASS" starttime="20200808 21:11:48.508" endtime="20200808 21:11:48.647"></status>
</kw>
<kw name="Click Element" library="SeleniumLibrary">
<doc>Click the element identified by ``locator``.</doc>
<arguments>
<arg>${BTN_CADASTRAR}</arg>
</arguments>
<msg timestamp="20200808 21:11:48.648" level="INFO">Clicking element 'class:btn-cadastrar'.</msg>
<status status="PASS" starttime="20200808 21:11:48.647" endtime="20200808 21:11:48.720"></status>
</kw>
<status status="PASS" starttime="20200808 21:11:47.978" endtime="20200808 21:11:48.721"></status>
</kw>
<kw name="Então devo ver estre prato no meu dashboard" library="kws">
<kw name="Wait Until Element Contains" library="SeleniumLibrary">
<doc>Waits until the element ``locator`` contains ``text``.</doc>
<arguments>
<arg>${DIV_LISTA}</arg>
<arg>${produto['nome']}</arg>
</arguments>
<status status="PASS" starttime="20200808 21:11:48.723" endtime="20200808 21:11:50.370"></status>
</kw>
<status status="PASS" starttime="20200808 21:11:48.722" endtime="20200808 21:11:50.370"></status>
</kw>
<kw name="Close Session" library="base" type="teardown">
<kw name="Capture Page Screenshot" library="SeleniumLibrary">
<doc>Takes a screenshot of the current page and embeds it into a log file.</doc>
<msg timestamp="20200808 21:11:50.782" level="INFO" html="yes">&lt;/td&gt;&lt;/tr&gt;&lt;tr&gt;&lt;td colspan="3"&gt;&lt;a href="selenium-screenshot-9.png"&gt;&lt;img src="selenium-screenshot-9.png" width="800px"&gt;&lt;/a&gt;</msg>
<status status="PASS" starttime="20200808 21:11:50.372" endtime="20200808 21:11:50.782"></status>
</kw>
<kw name="Close Browser" library="SeleniumLibrary">
<doc>Closes the current browser.</doc>
<status status="PASS" starttime="20200808 21:11:50.782" endtime="20200808 21:11:52.994"></status>
</kw>
<status status="PASS" starttime="20200808 21:11:50.371" endtime="20200808 21:11:52.995"></status>
</kw>
<status status="PASS" starttime="20200808 21:11:38.299" endtime="20200808 21:11:52.996" critical="yes"></status>
</test>
<doc>Cadastro de produtos/pratos
Sendo um cozinheiro amador
Quero cadastrar meus melhores pratos
Para que eu possa cozinha-los para outras pessoas</doc>
<status status="PASS" starttime="20200808 21:11:38.283" endtime="20200808 21:11:53.004"></status>
</suite>
<status status="PASS" starttime="20200808 21:11:04.248" endtime="20200808 21:11:53.018"></status>
</suite>
<statistics>
<total>
<stat pass="4" fail="0">Critical Tests</stat>
<stat pass="4" fail="0">All Tests</stat>
</total>
<tag>
</tag>
<suite>
<stat pass="4" fail="0" id="s1" name="Tests">Tests</stat>
<stat pass="3" fail="0" id="s1-s1" name="Cadastro-Usuario">Tests.Cadastro-Usuario</stat>
<stat pass="1" fail="0" id="s1-s2" name="Produtos">Tests.Produtos</stat>
</suite>
</statistics>
<errors>
</errors>
</robot>
