<?xml version="1.0" encoding="UTF-8"?>
<robot generator="Robot 3.2.1 (Python 3.8.5 on win32)" generated="20200812 00:34:32.683" rpa="false">
<suite id="s1" name="Receber-Pedidos" source="C:\dev\projetos\roboweek\ninjachef\web\tests\receber-pedidos.robot">
<test id="s1-t1" name="Receber novo pedido">
<kw name="Open Session" library="base" type="setup">
<kw name="Open Browser" library="SeleniumLibrary">
<doc>Opens a new browser instance to the optional ``url``.</doc>
<arguments>
<arg>about:blank</arg>
<arg>chrome</arg>
</arguments>
<msg timestamp="20200812 00:34:33.475" level="INFO">Opening browser 'chrome' to base url 'about:blank'.</msg>
<status status="PASS" starttime="20200812 00:34:33.474" endtime="20200812 00:34:37.467"></status>
</kw>
<status status="PASS" starttime="20200812 00:34:33.474" endtime="20200812 00:34:37.468"></status>
</kw>
<kw name="Dado que &quot;rafaelferreira@gmail.com&quot; é a minha conta de cozinheiro">
<kw name="Set Test Variable" library="BuiltIn">
<doc>Makes a variable available everywhere within the scope of the current test.</doc>
<arguments>
<arg>${email_cozinheiro}</arg>
</arguments>
<msg timestamp="20200812 00:34:37.472" level="INFO">${email_cozinheiro} = "rafaelferreira@gmail.com"</msg>
<status status="PASS" starttime="20200812 00:34:37.471" endtime="20200812 00:34:37.472"></status>
</kw>
<kw name="Create Dictionary" library="BuiltIn">
<doc>Creates and returns a dictionary based on the given ``items``.</doc>
<arguments>
<arg>Content-Type=application/json</arg>
</arguments>
<assign>
<var>&amp;{headers}</var>
</assign>
<msg timestamp="20200812 00:34:37.474" level="INFO">&amp;{headers} = { Content-Type=application/json }</msg>
<status status="PASS" starttime="20200812 00:34:37.472" endtime="20200812 00:34:37.474"></status>
</kw>
<kw name="Create Dictionary" library="BuiltIn">
<doc>Creates and returns a dictionary based on the given ``items``.</doc>
<arguments>
<arg>email=${email_cozinheiro}</arg>
</arguments>
<assign>
<var>&amp;{payload}</var>
</assign>
<msg timestamp="20200812 00:34:37.476" level="INFO">&amp;{payload} = { email="rafaelferreira@gmail.com" }</msg>
<status status="PASS" starttime="20200812 00:34:37.475" endtime="20200812 00:34:37.476"></status>
</kw>
<kw name="Create Session" library="RequestsLibrary">
<doc>Create Session: create a HTTP session to a server</doc>
<arguments>
<arg>api</arg>
<arg>http://ninjachef-api-qaninja-io.umbler.net</arg>
</arguments>
<msg timestamp="20200812 00:34:37.477" level="INFO">Creating Session using : alias=api, url=http://ninjachef-api-qaninja-io.umbler.net, headers={},                     cookies={}, auth=None, timeout=None, proxies=None, verify=False,                     debug=0 </msg>
<status status="PASS" starttime="20200812 00:34:37.477" endtime="20200812 00:34:37.477"></status>
</kw>
<kw name="Post Request" library="RequestsLibrary">
<doc>Send a POST request on the session object found using the
given `alias`</doc>
<arguments>
<arg>api</arg>
<arg>/sessions</arg>
<arg>data=${payload}</arg>
<arg>headers=${headers}</arg>
</arguments>
<assign>
<var>${resp}</var>
</assign>
<msg timestamp="20200812 00:34:37.747" level="INFO">POST Request : url=http://ninjachef-api-qaninja-io.umbler.net/sessions 
 path_url=/sessions 
 headers={'User-Agent': 'python-requests/2.24.0', 'Accept-Encoding': 'gzip, deflate', 'Accept': '*/*', 'Connection': 'keep-alive', 'Content-Type': 'application/json', 'Content-Length': '41'} 
 body={"email": "\"rafaelferreira@gmail.com\""} 
 </msg>
<msg timestamp="20200812 00:34:37.747" level="INFO">POST Response : url=http://ninjachef-api-qaninja-io.umbler.net/sessions 
 status=200, reason=OK 
 body={"_id":"5f33601ffbba920016c6bb72","email":"\"rafaelferreira@gmail.com\"","__v":0} 
 </msg>
<msg timestamp="20200812 00:34:37.748" level="INFO">${resp} = &lt;Response [200]&gt;</msg>
<status status="PASS" starttime="20200812 00:34:37.478" endtime="20200812 00:34:37.748"></status>
</kw>
<kw name="Status Should Be" library="RequestsLibrary">
<doc>Fails if response status code is different than the expected.</doc>
<arguments>
<arg>200</arg>
<arg>${resp}</arg>
</arguments>
<status status="PASS" starttime="20200812 00:34:37.748" endtime="20200812 00:34:37.748"></status>
</kw>
<kw name="Log To Console" library="BuiltIn">
<doc>Logs the given message to the console.</doc>
<arguments>
<arg>${resp.json()['_id']}</arg>
</arguments>
<status status="PASS" starttime="20200812 00:34:37.749" endtime="20200812 00:34:37.749"></status>
</kw>
<status status="PASS" starttime="20200812 00:34:37.470" endtime="20200812 00:34:37.750"></status>
</kw>
<kw name="E &quot;fernando@bol.com.br&quot; é o email do meu cliente">
<kw name="Set Test Variable" library="BuiltIn">
<doc>Makes a variable available everywhere within the scope of the current test.</doc>
<arguments>
<arg>${email_cliente}</arg>
</arguments>
<msg timestamp="20200812 00:34:37.753" level="INFO">${email_cliente} = "fernando@bol.com.br"</msg>
<status status="PASS" starttime="20200812 00:34:37.752" endtime="20200812 00:34:37.753"></status>
</kw>
<status status="PASS" starttime="20200812 00:34:37.751" endtime="20200812 00:34:37.753"></status>
</kw>
<kw name="E que &quot;teste meu produto&quot; está cadastrados no meu dashboard">
<kw name="Set Test Variable" library="BuiltIn">
<doc>Makes a variable available everywhere within the scope of the current test.</doc>
<arguments>
<arg>${produto}</arg>
</arguments>
<msg timestamp="20200812 00:34:37.755" level="INFO">${produto} = "teste meu produto"</msg>
<status status="PASS" starttime="20200812 00:34:37.754" endtime="20200812 00:34:37.755"></status>
</kw>
<status status="PASS" starttime="20200812 00:34:37.754" endtime="20200812 00:34:37.755"></status>
</kw>
<kw name="Quando o cliente solicita o preparo desse prato">
<msg timestamp="20200812 00:34:37.757" level="FAIL">User keyword 'Quando o cliente solicita o preparo desse prato' contains no keywords.</msg>
<status status="FAIL" starttime="20200812 00:34:37.757" endtime="20200812 00:34:37.757"></status>
</kw>
<kw name="Close Session" library="base" type="teardown">
<kw name="Capture Page Screenshot" library="SeleniumLibrary">
<doc>Takes a screenshot of the current page and embeds it into a log file.</doc>
<msg timestamp="20200812 00:34:38.138" level="INFO" html="yes">&lt;/td&gt;&lt;/tr&gt;&lt;tr&gt;&lt;td colspan="3"&gt;&lt;a href="selenium-screenshot-12.png"&gt;&lt;img src="selenium-screenshot-12.png" width="800px"&gt;&lt;/a&gt;</msg>
<status status="PASS" starttime="20200812 00:34:37.759" endtime="20200812 00:34:38.138"></status>
</kw>
<kw name="Close Browser" library="SeleniumLibrary">
<doc>Closes the current browser.</doc>
<status status="PASS" starttime="20200812 00:34:38.139" endtime="20200812 00:34:40.385"></status>
</kw>
<status status="PASS" starttime="20200812 00:34:37.758" endtime="20200812 00:34:40.386"></status>
</kw>
<status status="FAIL" starttime="20200812 00:34:33.471" endtime="20200812 00:34:40.387" critical="yes">User keyword 'Quando o cliente solicita o preparo desse prato' contains no keywords.</status>
</test>
<doc>Receber pedidos
Sendo um cozinheiro que possui produtos no dashboard
Quero receber solicitação de preparo dos meus produtos
Para que eu possa envia-los aos meus clientes</doc>
<status status="FAIL" starttime="20200812 00:34:32.683" endtime="20200812 00:34:40.392"></status>
</suite>
<statistics>
<total>
<stat pass="0" fail="1">Critical Tests</stat>
<stat pass="0" fail="1">All Tests</stat>
</total>
<tag>
</tag>
<suite>
<stat pass="0" fail="1" id="s1" name="Receber-Pedidos">Receber-Pedidos</stat>
</suite>
</statistics>
<errors>
</errors>
</robot>
