<?xml version="1.0" encoding="UTF-8"?>
<robot generator="Robot 3.2.1 (Python 3.8.5 on win32)" generated="20200802 22:13:12.050" rpa="false">
<suite id="s1" name="Cadastro" source="C:\dev\projetos\roboweek\ninjachef\tests\cadastro.robot">
<test id="s1-t1" name="Cadastro simples">
<kw name="Open Session" library="base" type="setup">
<kw name="Open Browser" library="SeleniumLibrary">
<doc>Opens a new browser instance to the optional ``url``.</doc>
<arguments>
<arg>about:blank</arg>
<arg>chrome</arg>
</arguments>
<msg timestamp="20200802 22:13:12.432" level="INFO">Opening browser 'chrome' to base url 'about:blank'.</msg>
<status status="PASS" starttime="20200802 22:13:12.432" endtime="20200802 22:13:15.855"></status>
</kw>
<status status="PASS" starttime="20200802 22:13:12.431" endtime="20200802 22:13:15.855"></status>
</kw>
<kw name="Dado que acesso a pagina principal" library="kws">
<kw name="Go To" library="SeleniumLibrary">
<doc>Navigates the current browser window to the provided ``url``.</doc>
<arguments>
<arg>http://ninjachef-qaninja-io.umbler.net/</arg>
</arguments>
<msg timestamp="20200802 22:13:15.857" level="INFO">Opening url 'http://ninjachef-qaninja-io.umbler.net/'</msg>
<status status="PASS" starttime="20200802 22:13:15.857" endtime="20200802 22:13:19.061"></status>
</kw>
<status status="PASS" starttime="20200802 22:13:15.856" endtime="20200802 22:13:19.062"></status>
</kw>
<kw name="Quando submeto o email &quot;joao@gmail.com&quot;" library="kws">
<kw name="Input Text" library="SeleniumLibrary">
<doc>Types the given ``text`` into the text field identified by ``locator``.</doc>
<arguments>
<arg>id:email</arg>
<arg>${email}</arg>
</arguments>
<msg timestamp="20200802 22:13:19.067" level="INFO">Typing text 'joao@gmail.com' into text field 'id:email'.</msg>
<status status="PASS" starttime="20200802 22:13:19.066" endtime="20200802 22:13:19.315"></status>
</kw>
<kw name="Click Element" library="SeleniumLibrary">
<doc>Click the element identified by ``locator``.</doc>
<arguments>
<arg>css:button[type=submit]</arg>
</arguments>
<msg timestamp="20200802 22:13:19.316" level="INFO">Clicking element 'css:button[type=submit]'.</msg>
<status status="PASS" starttime="20200802 22:13:19.315" endtime="20200802 22:13:19.403"></status>
</kw>
<kw name="Sleep" library="BuiltIn">
<doc>Pauses the test executed for the given time.</doc>
<arguments>
<arg>3</arg>
</arguments>
<msg timestamp="20200802 22:13:22.419" level="INFO">Slept 3 seconds</msg>
<status status="PASS" starttime="20200802 22:13:19.404" endtime="20200802 22:13:22.419"></status>
</kw>
<status status="PASS" starttime="20200802 22:13:19.064" endtime="20200802 22:13:22.419"></status>
</kw>
<kw name="Então devo ser autenticado" library="kws">
<kw name="Wait Until Page Contains Element" library="SeleniumLibrary">
<doc>Waits until the element ``locator`` appears on the current page.</doc>
<arguments>
<arg>class:dashboard</arg>
</arguments>
<status status="PASS" starttime="20200802 22:13:22.421" endtime="20200802 22:13:22.459"></status>
</kw>
<status status="PASS" starttime="20200802 22:13:22.421" endtime="20200802 22:13:22.459"></status>
</kw>
<kw name="Close Session" library="base" type="teardown">
<kw name="Close Browser" library="SeleniumLibrary">
<doc>Closes the current browser.</doc>
<status status="PASS" starttime="20200802 22:13:22.462" endtime="20200802 22:13:24.709"></status>
</kw>
<status status="PASS" starttime="20200802 22:13:22.460" endtime="20200802 22:13:24.709"></status>
</kw>
<status status="PASS" starttime="20200802 22:13:12.430" endtime="20200802 22:13:24.710" critical="yes"></status>
</test>
<test id="s1-t2" name="Email incorreto">
<kw name="Open Session" library="base" type="setup">
<kw name="Open Browser" library="SeleniumLibrary">
<doc>Opens a new browser instance to the optional ``url``.</doc>
<arguments>
<arg>about:blank</arg>
<arg>chrome</arg>
</arguments>
<msg timestamp="20200802 22:13:24.715" level="INFO">Opening browser 'chrome' to base url 'about:blank'.</msg>
<status status="PASS" starttime="20200802 22:13:24.714" endtime="20200802 22:13:28.010"></status>
</kw>
<status status="PASS" starttime="20200802 22:13:24.713" endtime="20200802 22:13:28.011"></status>
</kw>
<kw name="Dado que acesso a pagina principal" library="kws">
<kw name="Go To" library="SeleniumLibrary">
<doc>Navigates the current browser window to the provided ``url``.</doc>
<arguments>
<arg>http://ninjachef-qaninja-io.umbler.net/</arg>
</arguments>
<msg timestamp="20200802 22:13:28.013" level="INFO">Opening url 'http://ninjachef-qaninja-io.umbler.net/'</msg>
<status status="PASS" starttime="20200802 22:13:28.012" endtime="20200802 22:13:51.377"></status>
</kw>
<status status="PASS" starttime="20200802 22:13:28.012" endtime="20200802 22:13:51.378"></status>
</kw>
<kw name="Quando submeto o email &quot;joao$yahoo.com&quot;" library="kws">
<kw name="Input Text" library="SeleniumLibrary">
<doc>Types the given ``text`` into the text field identified by ``locator``.</doc>
<arguments>
<arg>id:email</arg>
<arg>${email}</arg>
</arguments>
<msg timestamp="20200802 22:13:51.380" level="INFO">Typing text 'joao$yahoo.com' into text field 'id:email'.</msg>
<status status="PASS" starttime="20200802 22:13:51.379" endtime="20200802 22:13:51.645"></status>
</kw>
<kw name="Click Element" library="SeleniumLibrary">
<doc>Click the element identified by ``locator``.</doc>
<arguments>
<arg>css:button[type=submit]</arg>
</arguments>
<msg timestamp="20200802 22:13:51.646" level="INFO">Clicking element 'css:button[type=submit]'.</msg>
<status status="PASS" starttime="20200802 22:13:51.645" endtime="20200802 22:13:51.729"></status>
</kw>
<kw name="Sleep" library="BuiltIn">
<doc>Pauses the test executed for the given time.</doc>
<arguments>
<arg>3</arg>
</arguments>
<msg timestamp="20200802 22:13:54.735" level="INFO">Slept 3 seconds</msg>
<status status="PASS" starttime="20200802 22:13:51.729" endtime="20200802 22:13:54.735"></status>
</kw>
<status status="PASS" starttime="20200802 22:13:51.379" endtime="20200802 22:13:54.736"></status>
</kw>
<kw name="Então devo ver a mensagem &quot;Oops. Informe um email válido!&quot;" library="kws">
<kw name="Wait Until Element Contains" library="SeleniumLibrary">
<doc>Waits until the element ``locator`` contains ``text``.</doc>
<arguments>
<arg>class:alert</arg>
<arg>${expect_message}</arg>
</arguments>
<status status="PASS" starttime="20200802 22:13:54.739" endtime="20200802 22:13:54.779"></status>
</kw>
<status status="PASS" starttime="20200802 22:13:54.736" endtime="20200802 22:13:54.779"></status>
</kw>
<kw name="Close Session" library="base" type="teardown">
<kw name="Close Browser" library="SeleniumLibrary">
<doc>Closes the current browser.</doc>
<status status="PASS" starttime="20200802 22:13:54.781" endtime="20200802 22:13:57.021"></status>
</kw>
<status status="PASS" starttime="20200802 22:13:54.780" endtime="20200802 22:13:57.022"></status>
</kw>
<status status="PASS" starttime="20200802 22:13:24.712" endtime="20200802 22:13:57.023" critical="yes"></status>
</test>
<test id="s1-t3" name="Email não informado">
<kw name="Open Session" library="base" type="setup">
<kw name="Open Browser" library="SeleniumLibrary">
<doc>Opens a new browser instance to the optional ``url``.</doc>
<arguments>
<arg>about:blank</arg>
<arg>chrome</arg>
</arguments>
<msg timestamp="20200802 22:13:57.030" level="INFO">Opening browser 'chrome' to base url 'about:blank'.</msg>
<status status="PASS" starttime="20200802 22:13:57.030" endtime="20200802 22:14:00.488"></status>
</kw>
<status status="PASS" starttime="20200802 22:13:57.029" endtime="20200802 22:14:00.489"></status>
</kw>
<kw name="Dado que acesso a pagina principal" library="kws">
<kw name="Go To" library="SeleniumLibrary">
<doc>Navigates the current browser window to the provided ``url``.</doc>
<arguments>
<arg>http://ninjachef-qaninja-io.umbler.net/</arg>
</arguments>
<msg timestamp="20200802 22:14:00.491" level="INFO">Opening url 'http://ninjachef-qaninja-io.umbler.net/'</msg>
<status status="PASS" starttime="20200802 22:14:00.490" endtime="20200802 22:14:04.019"></status>
</kw>
<status status="PASS" starttime="20200802 22:14:00.489" endtime="20200802 22:14:04.020"></status>
</kw>
<kw name="Quando submeto o email &quot;${EMPTY}&quot;" library="kws">
<kw name="Input Text" library="SeleniumLibrary">
<doc>Types the given ``text`` into the text field identified by ``locator``.</doc>
<arguments>
<arg>id:email</arg>
<arg>${email}</arg>
</arguments>
<msg timestamp="20200802 22:14:04.025" level="INFO">Typing text '' into text field 'id:email'.</msg>
<status status="PASS" starttime="20200802 22:14:04.024" endtime="20200802 22:14:04.153"></status>
</kw>
<kw name="Click Element" library="SeleniumLibrary">
<doc>Click the element identified by ``locator``.</doc>
<arguments>
<arg>css:button[type=submit]</arg>
</arguments>
<msg timestamp="20200802 22:14:04.154" level="INFO">Clicking element 'css:button[type=submit]'.</msg>
<status status="PASS" starttime="20200802 22:14:04.153" endtime="20200802 22:14:04.234"></status>
</kw>
<kw name="Sleep" library="BuiltIn">
<doc>Pauses the test executed for the given time.</doc>
<arguments>
<arg>3</arg>
</arguments>
<msg timestamp="20200802 22:14:07.240" level="INFO">Slept 3 seconds</msg>
<status status="PASS" starttime="20200802 22:14:04.235" endtime="20200802 22:14:07.240"></status>
</kw>
<status status="PASS" starttime="20200802 22:14:04.022" endtime="20200802 22:14:07.240"></status>
</kw>
<kw name="Então devo ver a mensagem &quot;Oops. Informe um email válido!&quot;" library="kws">
<kw name="Wait Until Element Contains" library="SeleniumLibrary">
<doc>Waits until the element ``locator`` contains ``text``.</doc>
<arguments>
<arg>class:alert</arg>
<arg>${expect_message}</arg>
</arguments>
<status status="PASS" starttime="20200802 22:14:07.240" endtime="20200802 22:14:07.283"></status>
</kw>
<status status="PASS" starttime="20200802 22:14:07.240" endtime="20200802 22:14:07.284"></status>
</kw>
<kw name="Close Session" library="base" type="teardown">
<kw name="Close Browser" library="SeleniumLibrary">
<doc>Closes the current browser.</doc>
<status status="PASS" starttime="20200802 22:14:07.286" endtime="20200802 22:14:09.570"></status>
</kw>
<status status="PASS" starttime="20200802 22:14:07.285" endtime="20200802 22:14:09.570"></status>
</kw>
<status status="PASS" starttime="20200802 22:13:57.027" endtime="20200802 22:14:09.572" critical="yes"></status>
</test>
<doc>Suite dos testes de cadastros</doc>
<status status="PASS" starttime="20200802 22:13:12.054" endtime="20200802 22:14:09.580"></status>
</suite>
<statistics>
<total>
<stat pass="3" fail="0">Critical Tests</stat>
<stat pass="3" fail="0">All Tests</stat>
</total>
<tag>
</tag>
<suite>
<stat pass="3" fail="0" id="s1" name="Cadastro">Cadastro</stat>
</suite>
</statistics>
<errors>
</errors>
</robot>
